2021-04-29T08:28:38.6555309+07:00  [INF] Starting IdentityServer4 version "4.1.2+997a6cdd643e46cd5762b710c4ddc43574cbec2e" (8add0571)
2021-04-29T08:28:38.6852223+07:00  [INF] You are using the in-memory version of the persisted grant store. This will store consent decisions, authorization codes, refresh and reference tokens in memory only. If you are using any of those features in production, you want to switch to a different store implementation. (553c312b)
2021-04-29T08:28:38.6959326+07:00  [INF] Using the default authentication scheme "Identity.Application" for IdentityServer (4a54f457)
2021-04-29T08:28:39.0175181+07:00  [INF] Now listening on: "http://localhost:7001" (d826f4b8)
2021-04-29T08:28:39.0175491+07:00  [INF] Now listening on: "https://localhost:7002" (d826f4b8)
2021-04-29T08:28:39.0177160+07:00  [INF] Application started. Press Ctrl+C to shut down. (dcaefe54)
2021-04-29T08:28:39.0177675+07:00  [INF] Hosting environment: "Staging" (c3307c92)
2021-04-29T08:28:39.0178016+07:00  [INF] Content root path: "C:\Users\QuyenTho\Documents\Dropfolder\Staging\40\WebApi" (b5d60022)
2021-04-29T08:29:45.8795222+07:00 0HM8ALP1F3N8H:00000001 [WRN] CorsPolicyService did not allow origin: "http://localhost" (f5320bfb)
2021-04-29T08:29:46.0095604+07:00 0HM8ALP1F3N8H:00000001 [INF] Invoking IdentityServer endpoint: "IdentityServer4.Endpoints.DiscoveryEndpoint" for "/.well-known/openid-configuration" (f7642de5)
2021-04-29T08:29:46.1706859+07:00 0HM8ALP1F3N8H:00000003 [WRN] CorsPolicyService did not allow origin: "http://localhost" (f5320bfb)
2021-04-29T08:29:46.1758849+07:00 0HM8ALP1F3N8H:00000003 [INF] Invoking IdentityServer endpoint: "IdentityServer4.Endpoints.DiscoveryKeyEndpoint" for "/.well-known/openid-configuration/jwks" (f7642de5)
2021-04-29T08:29:46.2391066+07:00 0HM8ALP1F3N8H:00000005 [WRN] CorsPolicyService did not allow origin: "http://localhost" (f5320bfb)
2021-04-29T08:29:46.2771096+07:00 0HM8ALP1F3N8H:00000005 [INF] Invoking IdentityServer endpoint: "IdentityServer4.Endpoints.TokenEndpoint" for "/connect/token" (f7642de5)
2021-04-29T08:29:46.9449711+07:00 0HM8ALP1F3N8H:00000005 [INF] No user found matching username: "admin@owo.vn" (cd7b29f8)
2021-04-29T08:29:46.9788748+07:00 0HM8ALP1F3N8H:00000005 [INF] User authentication failed: "invalid_username_or_password", details: TokenRequestValidationLog { ClientId: "quickapp_spa", ClientName: null, GrantType: "password", Scopes: "email offline_access openid phone profile quickapp_api roles", AuthorizationCode: "********", RefreshToken: "********", UserName: "admin@owo.vn", AuthenticationContextReferenceClasses: null, Tenant: null, IdP: null, Raw: [("username": "admin@owo.vn"), ("password": "***REDACTED***"), ("client_id": "quickapp_spa"), ("grant_type": "password"), ("scope": "openid email phone profile offline_access roles quickapp_api")] } (07b239aa)
2021-04-29T08:30:04.1279287+07:00 0HM8ALP1F3N8I:00000001 [WRN] CorsPolicyService did not allow origin: "http://localhost" (f5320bfb)
2021-04-29T08:30:04.1302779+07:00 0HM8ALP1F3N8I:00000001 [INF] Invoking IdentityServer endpoint: "IdentityServer4.Endpoints.DiscoveryEndpoint" for "/.well-known/openid-configuration" (f7642de5)
2021-04-29T08:30:04.1402670+07:00 0HM8ALP1F3N8I:00000003 [WRN] CorsPolicyService did not allow origin: "http://localhost" (f5320bfb)
2021-04-29T08:30:04.1414565+07:00 0HM8ALP1F3N8I:00000003 [INF] Invoking IdentityServer endpoint: "IdentityServer4.Endpoints.DiscoveryKeyEndpoint" for "/.well-known/openid-configuration/jwks" (f7642de5)
2021-04-29T08:30:04.1510700+07:00 0HM8ALP1F3N8I:00000005 [WRN] CorsPolicyService did not allow origin: "http://localhost" (f5320bfb)
2021-04-29T08:30:04.1524037+07:00 0HM8ALP1F3N8I:00000005 [INF] Invoking IdentityServer endpoint: "IdentityServer4.Endpoints.TokenEndpoint" for "/connect/token" (f7642de5)
2021-04-29T08:30:04.5723787+07:00 0HM8ALP1F3N8I:00000005 [WRN] Invalid password for user. (6d284782)
2021-04-29T08:30:04.5732039+07:00 0HM8ALP1F3N8I:00000005 [WRN] User failed to provide the correct password. (a25e98da)
2021-04-29T08:30:05.0542767+07:00 0HM8ALP1F3N8I:00000005 [INF] Authentication failed for username: "admin", reason: invalid credentials (61b6995a)
2021-04-29T08:30:05.0556472+07:00 0HM8ALP1F3N8I:00000005 [INF] User authentication failed: "invalid_username_or_password", details: TokenRequestValidationLog { ClientId: "quickapp_spa", ClientName: null, GrantType: "password", Scopes: "email offline_access openid phone profile quickapp_api roles", AuthorizationCode: "********", RefreshToken: "********", UserName: "admin", AuthenticationContextReferenceClasses: null, Tenant: null, IdP: null, Raw: [("username": "admin"), ("password": "***REDACTED***"), ("client_id": "quickapp_spa"), ("grant_type": "password"), ("scope": "openid email phone profile offline_access roles quickapp_api")] } (07b239aa)
2021-04-29T08:30:50.9250977+07:00 0HM8ALP1F3N8J:00000001 [WRN] CorsPolicyService did not allow origin: "http://localhost" (f5320bfb)
2021-04-29T08:30:51.0259521+07:00 0HM8ALP1F3N8J:00000001 [INF] Invoking IdentityServer endpoint: "IdentityServer4.Endpoints.DiscoveryEndpoint" for "/.well-known/openid-configuration" (f7642de5)
2021-04-29T08:30:51.0428528+07:00 0HM8ALP1F3N8J:00000003 [WRN] CorsPolicyService did not allow origin: "http://localhost" (f5320bfb)
2021-04-29T08:30:51.0460287+07:00 0HM8ALP1F3N8J:00000003 [INF] Invoking IdentityServer endpoint: "IdentityServer4.Endpoints.DiscoveryKeyEndpoint" for "/.well-known/openid-configuration/jwks" (f7642de5)
2021-04-29T08:30:51.0570814+07:00 0HM8ALP1F3N8J:00000005 [WRN] CorsPolicyService did not allow origin: "http://localhost" (f5320bfb)
2021-04-29T08:30:51.1171548+07:00 0HM8ALP1F3N8J:00000005 [INF] Invoking IdentityServer endpoint: "IdentityServer4.Endpoints.TokenEndpoint" for "/connect/token" (f7642de5)
2021-04-29T08:30:51.2365484+07:00 0HM8ALP1F3N8J:00000005 [INF] Credentials validated for username: "admin" (cb811aa7)
2021-04-29T08:30:51.3000604+07:00 0HM8ALP1F3N8J:00000005 [INF] Token request validation success, TokenRequestValidationLog { ClientId: "quickapp_spa", ClientName: null, GrantType: "password", Scopes: "email offline_access openid phone profile quickapp_api roles", AuthorizationCode: "********", RefreshToken: "********", UserName: "admin", AuthenticationContextReferenceClasses: null, Tenant: null, IdP: null, Raw: [("username": "admin"), ("password": "***REDACTED***"), ("client_id": "quickapp_spa"), ("grant_type": "password"), ("scope": "openid email phone profile offline_access roles quickapp_api")] } (3a073258)
2021-04-29T11:33:52.7640136+07:00  [INF] Starting IdentityServer4 version "4.1.2+997a6cdd643e46cd5762b710c4ddc43574cbec2e" (8add0571)
2021-04-29T11:33:52.7934689+07:00  [INF] You are using the in-memory version of the persisted grant store. This will store consent decisions, authorization codes, refresh and reference tokens in memory only. If you are using any of those features in production, you want to switch to a different store implementation. (553c312b)
2021-04-29T11:33:52.8043264+07:00  [INF] Using the default authentication scheme "Identity.Application" for IdentityServer (4a54f457)
2021-04-29T11:33:53.0793993+07:00  [FTL] Unable to start Kestrel. (fc6a528d)
System.IO.IOException: Failed to bind to address http://127.0.0.1:7001: address already in use.
 ---> Microsoft.AspNetCore.Connections.AddressInUseException: Only one usage of each socket address (protocol/network address/port) is normally permitted.
 ---> System.Net.Sockets.SocketException (10048): Only one usage of each socket address (protocol/network address/port) is normally permitted.
   at System.Net.Sockets.Socket.UpdateStatusAfterSocketErrorAndThrowException(SocketError error, String callerName)
   at System.Net.Sockets.Socket.DoBind(EndPoint endPointSnapshot, SocketAddress socketAddress)
   at System.Net.Sockets.Socket.Bind(EndPoint localEP)
   at Microsoft.AspNetCore.Server.Kestrel.Transport.Sockets.SocketConnectionListener.<Bind>g__BindSocket|13_0(<>c__DisplayClass13_0& )
   --- End of inner exception stack trace ---
   at Microsoft.AspNetCore.Server.Kestrel.Transport.Sockets.SocketConnectionListener.<Bind>g__BindSocket|13_0(<>c__DisplayClass13_0& )
   at Microsoft.AspNetCore.Server.Kestrel.Transport.Sockets.SocketConnectionListener.Bind()
   at Microsoft.AspNetCore.Server.Kestrel.Transport.Sockets.SocketTransportFactory.BindAsync(EndPoint endpoint, CancellationToken cancellationToken)
   at Microsoft.AspNetCore.Server.Kestrel.Core.Internal.Infrastructure.TransportManager.BindAsync(EndPoint endPoint, ConnectionDelegate connectionDelegate, EndpointConfig endpointConfig)
   at Microsoft.AspNetCore.Server.Kestrel.Core.KestrelServerImpl.<>c__DisplayClass29_0`1.<<StartAsync>g__OnBind|0>d.MoveNext()
--- End of stack trace from previous location ---
   at Microsoft.AspNetCore.Server.Kestrel.Core.Internal.AddressBinder.BindEndpointAsync(ListenOptions endpoint, AddressBindContext context)
   --- End of inner exception stack trace ---
   at Microsoft.AspNetCore.Server.Kestrel.Core.Internal.AddressBinder.BindEndpointAsync(ListenOptions endpoint, AddressBindContext context)
   at Microsoft.AspNetCore.Server.Kestrel.Core.LocalhostListenOptions.BindAsync(AddressBindContext context)
   at Microsoft.AspNetCore.Server.Kestrel.Core.Internal.AddressBinder.AddressesStrategy.BindAsync(AddressBindContext context)
   at Microsoft.AspNetCore.Server.Kestrel.Core.Internal.AddressBinder.BindAsync(IEnumerable`1 listenOptions, AddressBindContext context)
   at Microsoft.AspNetCore.Server.Kestrel.Core.KestrelServerImpl.BindAsync(CancellationToken cancellationToken)
   at Microsoft.AspNetCore.Server.Kestrel.Core.KestrelServerImpl.StartAsync[TContext](IHttpApplication`1 application, CancellationToken cancellationToken)
2021-04-29T11:34:14.8365939+07:00  [INF] Application is shutting down... (90f52c38)
2021-04-29T11:34:51.4110916+07:00  [INF] Starting IdentityServer4 version "4.1.2+997a6cdd643e46cd5762b710c4ddc43574cbec2e" (8add0571)
2021-04-29T11:34:51.4356974+07:00  [INF] You are using the in-memory version of the persisted grant store. This will store consent decisions, authorization codes, refresh and reference tokens in memory only. If you are using any of those features in production, you want to switch to a different store implementation. (553c312b)
2021-04-29T11:34:51.4439408+07:00  [INF] Using the default authentication scheme "Identity.Application" for IdentityServer (4a54f457)
2021-04-29T11:34:51.8015638+07:00  [INF] Now listening on: "http://localhost:7001" (d826f4b8)
2021-04-29T11:34:51.8016495+07:00  [INF] Now listening on: "https://localhost:7002" (d826f4b8)
2021-04-29T11:34:51.8018870+07:00  [INF] Application started. Press Ctrl+C to shut down. (dcaefe54)
2021-04-29T11:34:51.8019284+07:00  [INF] Hosting environment: "Staging" (c3307c92)
2021-04-29T11:34:51.8019620+07:00  [INF] Content root path: "C:\Users\QuyenTho\Documents\Dropfolder\Staging\40\WebApi" (b5d60022)
2021-04-29T11:35:23.4261289+07:00  [INF] Starting IdentityServer4 version "4.1.2+997a6cdd643e46cd5762b710c4ddc43574cbec2e" (8add0571)
2021-04-29T11:35:23.4483417+07:00  [INF] You are using the in-memory version of the persisted grant store. This will store consent decisions, authorization codes, refresh and reference tokens in memory only. If you are using any of those features in production, you want to switch to a different store implementation. (553c312b)
2021-04-29T11:35:23.4585456+07:00  [INF] Using the default authentication scheme "Identity.Application" for IdentityServer (4a54f457)
2021-04-29T11:35:23.6788215+07:00  [FTL] Unable to start Kestrel. (fc6a528d)
System.IO.IOException: Failed to bind to address http://127.0.0.1:7001: address already in use.
 ---> Microsoft.AspNetCore.Connections.AddressInUseException: Only one usage of each socket address (protocol/network address/port) is normally permitted.
 ---> System.Net.Sockets.SocketException (10048): Only one usage of each socket address (protocol/network address/port) is normally permitted.
   at System.Net.Sockets.Socket.UpdateStatusAfterSocketErrorAndThrowException(SocketError error, String callerName)
   at System.Net.Sockets.Socket.DoBind(EndPoint endPointSnapshot, SocketAddress socketAddress)
   at System.Net.Sockets.Socket.Bind(EndPoint localEP)
   at Microsoft.AspNetCore.Server.Kestrel.Transport.Sockets.SocketConnectionListener.<Bind>g__BindSocket|13_0(<>c__DisplayClass13_0& )
   --- End of inner exception stack trace ---
   at Microsoft.AspNetCore.Server.Kestrel.Transport.Sockets.SocketConnectionListener.<Bind>g__BindSocket|13_0(<>c__DisplayClass13_0& )
   at Microsoft.AspNetCore.Server.Kestrel.Transport.Sockets.SocketConnectionListener.Bind()
   at Microsoft.AspNetCore.Server.Kestrel.Transport.Sockets.SocketTransportFactory.BindAsync(EndPoint endpoint, CancellationToken cancellationToken)
   at Microsoft.AspNetCore.Server.Kestrel.Core.Internal.Infrastructure.TransportManager.BindAsync(EndPoint endPoint, ConnectionDelegate connectionDelegate, EndpointConfig endpointConfig)
   at Microsoft.AspNetCore.Server.Kestrel.Core.KestrelServerImpl.<>c__DisplayClass29_0`1.<<StartAsync>g__OnBind|0>d.MoveNext()
--- End of stack trace from previous location ---
   at Microsoft.AspNetCore.Server.Kestrel.Core.Internal.AddressBinder.BindEndpointAsync(ListenOptions endpoint, AddressBindContext context)
   --- End of inner exception stack trace ---
   at Microsoft.AspNetCore.Server.Kestrel.Core.Internal.AddressBinder.BindEndpointAsync(ListenOptions endpoint, AddressBindContext context)
   at Microsoft.AspNetCore.Server.Kestrel.Core.LocalhostListenOptions.BindAsync(AddressBindContext context)
   at Microsoft.AspNetCore.Server.Kestrel.Core.Internal.AddressBinder.AddressesStrategy.BindAsync(AddressBindContext context)
   at Microsoft.AspNetCore.Server.Kestrel.Core.Internal.AddressBinder.BindAsync(IEnumerable`1 listenOptions, AddressBindContext context)
   at Microsoft.AspNetCore.Server.Kestrel.Core.KestrelServerImpl.BindAsync(CancellationToken cancellationToken)
   at Microsoft.AspNetCore.Server.Kestrel.Core.KestrelServerImpl.StartAsync[TContext](IHttpApplication`1 application, CancellationToken cancellationToken)
2021-04-29T11:35:36.2590824+07:00  [INF] Application is shutting down... (90f52c38)
